{"level":"error","message":"Mật khẩu không đúng","tag":"SYSTEM"}
{"level":"info","message":"Mật Khẩu Chính Xác","tag":"SYSTEM"}
{"level":"info","message":"Mật Khẩu Chính Xác","tag":"SYSTEM"}
{"level":"info","message":"Mật Khẩu Chính Xác","tag":"SYSTEM"}
{"level":"info","message":"Mật Khẩu Chính Xác","tag":"SYSTEM"}
{"level":"info","message":"Mật Khẩu Chính Xác","tag":"SYSTEM"}
{"level":"info","message":"Mật Khẩu Chính Xác","tag":"SYSTEM"}
{"level":"info","message":"Server online at http://localhost:3069","tag":"SYSTEM"}
{"level":"info","message":"Server online at http://localhost:3069","tag":"SYSTEM"}
{"level":"info","message":"Server online at http://localhost:3069","tag":"SERVER"}
{"level":"info","message":"Server online at http://localhost:3069","tag":"SERVER"}
{"level":"info","message":"GET /demo/mysql2 200 3197 26.480ms","tag":"API"}
{"level":"info","message":"Server online at http://localhost:3069","tag":"SERVER"}
{"level":"info","message":"GET /demo/mysql2 200 3197 23.956ms","tag":" API "}
{"level":"info","message":"Server online at http://localhost:3069","tag":"SERVER"}
{"level":"info","message":"Server online at http://localhost:3069","tag":"SERVER"}
{"level":"info","message":"Server online at http://localhost:3069","tag":"SERVER"}
{"level":"info","message":"Server online at http://localhost:3069","tag":"SERVER"}
{"level":"info","message":"Server online at http://localhost:3069","tag":"SERVER"}
{"level":"info","message":"Server online at http://localhost:3069","tag":"SERVER"}
{"level":"info","message":"GET /article/ 200 120 7.548ms","tag":" API "}
{"level":"info","message":"GET /article/ 200 120 2.727ms","tag":" API "}
{"level":"info","message":"GET /article/ 200 120 2.436ms","tag":" API "}
{"level":"info","message":"GET /article/?page=1&pageSize=3 200 120 1.147ms","tag":" API "}
{"level":"info","message":"Server online at http://localhost:3069","tag":"SERVER"}
{"level":"info","message":"GET /article/?page=1&pageSize=3 200 120 4.064ms","tag":" API "}
{"level":"info","message":"Server online at http://localhost:3069","tag":"SERVER"}
{"level":"info","message":"Server online at http://localhost:3069","tag":"SERVER"}
{"level":"info","message":"Server online at http://localhost:3069","tag":"SERVER"}
{"level":"info","message":"GET /article/?page=1&pageSize=3 500 1621 26.448ms","tag":" API "}
{"level":"info","message":"Server online at http://localhost:3069","tag":"SERVER"}
{"level":"info","message":"GET /article/?page=1&pageSize=3 200 979 69.882ms","tag":" API "}
{"level":"info","message":"GET /article/?page=2&pageSize=3 200 950 14.768ms","tag":" API "}
{"level":"info","message":"GET /article/?page=1&pageSize=5 200 1495 20.572ms","tag":" API "}
{"level":"info","message":"GET /article/?page=-100&pageSize=5 500 1490 13.452ms","tag":" API "}
{"level":"info","message":"Server online at http://localhost:3069","tag":"SERVER"}
{"level":"info","message":"GET /article/?page=-100&pageSize=5 200 1493 92.956ms","tag":" API "}
{"level":"info","message":"Server online at http://localhost:3069","tag":"SERVER"}
{"level":"info","message":"GET /article/?page=1&pageSize=5 200 1489 80.949ms","tag":" API "}
{"level":"info","message":"GET /article/?page=1&pageSize=5&search=development 200 1489 40.906ms","tag":" API "}
{"level":"info","message":"Server online at http://localhost:3069","tag":"SERVER"}
{"level":"info","message":"GET /article/?page=1&pageSize=5&search=development 200 445 31.133ms","tag":" API "}
{"level":"info","message":"GET /article/?page=1&pageSize=5&search=about 200 1495 16.185ms","tag":" API "}
{"level":"info","message":"GET /article/?page=1&pageSize=5 200 1489 25.168ms","tag":" API "}
{"level":"info","message":"GET /article 200 975 26.591ms","tag":" API "}
{"level":"info","message":"GET /user?pageSize=100 404 143 3.493ms","tag":" API "}
{"level":"info","message":"GET /article 200 975 25.498ms","tag":" API "}
{"level":"info","message":"GET /user?pageSize=100 404 143 0.859ms","tag":" API "}
{"level":"info","message":"OPTIONS /demo/mysql2 200 8 1.842ms","tag":" API "}
{"level":"info","message":"OPTIONS /demo/mysql2 200 8 2.246ms","tag":" API "}
{"level":"info","message":"OPTIONS /demo/mysql2 200 8 2.182ms","tag":" API "}
{"level":"info","message":"Server online at http://localhost:3069","tag":"SERVER"}
{"level":"info","message":"OPTIONS /demo/mysql2 204 0 0.894ms","tag":" API "}
{"level":"info","message":"GET /demo/mysql2 304 undefined 19.422ms","tag":" API "}
{"level":"info","message":"Server online at http://localhost:3069","tag":"SERVER"}
{"level":"info","message":"OPTIONS /demo/mysql2 204 0 0.717ms","tag":" API "}
{"level":"info","message":"Server online at http://localhost:3069","tag":"SERVER"}
{"level":"info","message":"OPTIONS /demo/mysql2 204 0 0.920ms","tag":" API "}
{"level":"info","message":"Server online at http://localhost:3069","tag":"SERVER"}
{"level":"info","message":"Server online at http://localhost:3069","tag":"SERVER"}
{"level":"info","message":"OPTIONS /demo/mysql2 204 0 0.897ms","tag":" API "}
{"level":"info","message":"GET /demo/mysql2 304 undefined 15.684ms","tag":" API "}
{"level":"info","message":"Server online at http://localhost:3069","tag":"SERVER"}
{"level":"info","message":"OPTIONS /demo/mysql2 204 0 1.190ms","tag":" API "}
{"level":"info","message":"GET /demo/mysql2 304 undefined 14.674ms","tag":" API "}
{"level":"info","message":"Server online at http://localhost:3069","tag":"SERVER"}
{"level":"info","message":"OPTIONS /demo/mysql2 204 0 0.920ms","tag":" API "}
{"level":"info","message":"Server online at http://localhost:3069","tag":"SERVER"}
{"level":"info","message":"OPTIONS /demo/mysql2 204 0 1.245ms","tag":" API "}
{"level":"info","message":"Server online at http://localhost:3069","tag":"SERVER"}
{"level":"info","message":"OPTIONS /demo/mysql2 204 0 0.599ms","tag":" API "}
{"level":"info","message":"GET /demo/mysql2 304 undefined 12.906ms","tag":" API "}
{"level":"info","message":"Server online at http://localhost:3069","tag":"SERVER"}
{"level":"info","message":"Server online at http://localhost:3069","tag":"SERVER"}
{"level":"info","message":"Server online at http://localhost:3069","tag":"SERVER"}
{"level":"info","message":"Server online at http://localhost:3069","tag":"SERVER"}
{"level":"info","message":"Server online at http://localhost:3069","tag":"SERVER"}
{"level":"info","message":"Server online at http://localhost:3069","tag":"SERVER"}
{"level":"info","message":"Server online at http://localhost:3069","tag":"SERVER"}
{"level":"info","message":"POST /register 404 148 4.207ms","tag":" API "}
{"level":"info","message":"POST /auth/register 200 118 3.881ms","tag":" API "}
{"level":"info","message":"POST /auth/register 200 118 0.567ms","tag":" API "}
{"level":"info","message":"Server online at http://localhost:3069","tag":"SERVER"}
{"level":"info","message":"POST /auth/register 200 118 2.477ms","tag":" API "}
{"level":"info","message":"Server online at http://localhost:3069","tag":"SERVER"}
{"level":"info","message":"POST /auth/register 200 118 40.475ms","tag":" API "}
{"level":"info","message":"Server online at http://localhost:3069","tag":"SERVER"}
{"level":"info","message":"Server online at http://localhost:3069","tag":"SERVER"}
{"level":"info","message":"POST /auth/register 200 364 33.964ms","tag":" API "}
{"level":"info","message":"Server online at http://localhost:3069","tag":"SERVER"}
{"level":"info","message":"POST /auth/register 400 514 70.459ms","tag":" API "}
{"level":"info","message":"POST /auth/register 500 465 10.785ms","tag":" API "}
{"level":"info","message":"Server online at http://localhost:3069","tag":"SERVER"}
{"level":"info","message":"POST /auth/register 200 421 107.113ms","tag":" API "}
{"level":"info","message":"Server online at http://localhost:3069","tag":"SERVER"}
{"level":"info","message":"POST /auth/register 400 514 90.269ms","tag":" API "}
{"level":"info","message":"POST /auth/register 200 347 87.643ms","tag":" API "}
{"level":"info","message":"Server online at http://localhost:3069","tag":"SERVER"}
{"level":"info","message":"Server online at http://localhost:3069","tag":"SERVER"}
{"level":"info","message":"Server online at http://localhost:3069","tag":"SERVER"}
{"level":"info","message":"Server online at http://localhost:3069","tag":"SERVER"}
{"level":"info","message":"Server online at http://localhost:3069","tag":"SERVER"}
{"level":"info","message":"Server online at http://localhost:3069","tag":"SERVER"}
{"level":"info","message":"POST /auth/login 200 118 2.590ms","tag":" API "}
{"level":"info","message":"Server online at http://localhost:3069","tag":"SERVER"}
{"level":"info","message":"POST /auth/login 200 118 3.155ms","tag":" API "}
{"level":"info","message":"Server online at http://localhost:3069","tag":"SERVER"}
{"level":"info","message":"POST /auth/login 200 424 88.517ms","tag":" API "}
{"level":"info","message":"POST /auth/login 400 463 78.934ms","tag":" API "}
{"level":"info","message":"POST /auth/login 400 505 6.588ms","tag":" API "}
{"level":"info","message":"Server online at http://localhost:3069","tag":"SERVER"}
{"level":"info","message":"Server online at http://localhost:3069","tag":"SERVER"}
{"level":"info","message":"Server online at http://localhost:3069","tag":"SERVER"}
{"level":"info","message":"POST /auth/login 400 513 38.719ms","tag":" API "}
{"level":"info","message":"POST /auth/login 200 273 79.192ms","tag":" API "}
{"level":"info","message":"Server online at http://localhost:3069","tag":"SERVER"}
{"level":"info","message":"Server online at http://localhost:3069","tag":"SERVER"}
{"level":"info","message":"Server online at http://localhost:3069","tag":"SERVER"}
{"level":"info","message":"Server online at http://localhost:3069","tag":"SERVER"}
{"level":"info","message":"POST /auth/login 200 273 82.204ms","tag":" API "}
{"level":"info","message":"Server online at http://localhost:3069","tag":"SERVER"}
{"level":"info","message":"Server online at http://localhost:3069","tag":"SERVER"}
{"level":"info","message":"Server online at http://localhost:3069","tag":"SERVER"}
{"level":"info","message":"Server online at http://localhost:3069","tag":"SERVER"}
{"level":"info","message":"Server online at http://localhost:3069","tag":"SERVER"}
{"level":"info","message":"POST /auth/login 200 273 88.343ms","tag":" API "}
{"level":"info","message":"Server online at http://localhost:3069","tag":"SERVER"}
{"level":"info","message":"Server online at http://localhost:3069","tag":"SERVER"}
{"level":"info","message":"Server online at http://localhost:3069","tag":"SERVER"}
{"level":"info","message":"Server online at http://localhost:3069","tag":"SERVER"}
{"level":"info","message":"Server online at http://localhost:3069","tag":"SERVER"}
{"level":"info","message":"Server online at http://localhost:3069","tag":"SERVER"}
{"level":"info","message":"GET /article/?page=1&pageSize=5 500 1766 5.245ms","tag":" API "}
{"level":"info","message":"Server online at http://localhost:3069","tag":"SERVER"}
{"level":"info","message":"Server online at http://localhost:3069","tag":"SERVER"}
{"level":"info","message":"GET /article/?page=1&pageSize=5 500 1729 10.055ms","tag":" API "}
{"level":"info","message":"POST /auth/login 200 273 106.378ms","tag":" API "}
{"level":"info","message":"Server online at http://localhost:3069","tag":"SERVER"}
{"level":"info","message":"Server online at http://localhost:3069","tag":"SERVER"}
{"level":"info","message":"Server online at http://localhost:3069","tag":"SERVER"}
{"level":"info","message":"POST /auth/login 500 472 87.280ms","tag":" API "}
{"level":"info","message":"Server online at http://localhost:3069","tag":"SERVER"}
{"level":"info","message":"POST /auth/login 200 273 67.822ms","tag":" API "}
{"level":"info","message":"GET /article/?page=1&pageSize=5 500 1729 4.926ms","tag":" API "}
{"level":"info","message":"Server online at http://localhost:3069","tag":"SERVER"}
{"level":"info","message":"Server online at http://localhost:3069","tag":"SERVER"}
{"level":"info","message":"Server online at http://localhost:3069","tag":"SERVER"}
{"level":"info","message":"Server online at http://localhost:3069","tag":"SERVER"}
{"level":"info","message":"GET /article/?page=1&pageSize=5 401 1729 8.752ms","tag":" API "}
{"level":"info","message":"Server online at http://localhost:3069","tag":"SERVER"}
{"level":"info","message":"POST /auth/login 200 273 81.318ms","tag":" API "}
{"level":"info","message":"GET /article/?page=1&pageSize=5 403 1717 7.785ms","tag":" API "}
{"level":"info","message":"Server online at http://localhost:3069","tag":"SERVER"}
{"level":"info","message":"POST /auth/login 200 273 79.828ms","tag":" API "}
{"level":"info","message":"GET /article/?page=1&pageSize=5 undefined undefined undefinedms","tag":" API "}
{"level":"info","message":"GET /article/?page=1&pageSize=5 403 1717 5.154ms","tag":" API "}
{"level":"info","message":"Server online at http://localhost:3069","tag":"SERVER"}
{"level":"info","message":"POST /auth/login 200 273 80.323ms","tag":" API "}
{"level":"info","message":"Server online at http://localhost:3069","tag":"SERVER"}
{"level":"info","message":"Server online at http://localhost:3069","tag":"SERVER"}
{"level":"info","message":"GET /article/?page=1&pageSize=5 200 1489 38.644ms","tag":" API "}
{"level":"info","message":"Server online at http://localhost:3069","tag":"SERVER"}
{"level":"info","message":"Server online at http://localhost:3069","tag":"SERVER"}
{"level":"info","message":"GET /article/?page=1&pageSize=5 200 1489 52.699ms","tag":" API "}
{"level":"info","message":"Server online at http://localhost:3069","tag":"SERVER"}
{"level":"info","message":"Server online at http://localhost:3069","tag":"SERVER"}
{"level":"info","message":"Server online at http://localhost:3069","tag":"SERVER"}
{"level":"info","message":"Server online at http://localhost:3069","tag":"SERVER"}
{"level":"info","message":"Server online at http://localhost:3069","tag":"SERVER"}
{"level":"info","message":"Server online at http://localhost:3069","tag":"SERVER"}
{"level":"info","message":"Server online at http://localhost:3069","tag":"SERVER"}
{"level":"info","message":"Server online at http://localhost:3069","tag":"SERVER"}
{"level":"info","message":"Server online at http://localhost:3069","tag":"SERVER"}
{"level":"info","message":"Server online at http://localhost:3069","tag":"SERVER"}
{"level":"info","message":"Server online at http://localhost:3069","tag":"SERVER"}
{"level":"info","message":"Server online at http://localhost:3069","tag":"SERVER"}
{"level":"info","message":"Server online at http://localhost:3069","tag":"SERVER"}
{"level":"info","message":"Server online at http://localhost:3069","tag":"SERVER"}
{"level":"info","message":"Server online at http://localhost:3069","tag":"SERVER"}
{"level":"info","message":"Server online at http://localhost:3069","tag":"SERVER"}
{"level":"info","message":"Server online at http://localhost:3069","tag":"SERVER"}
{"level":"info","message":"Server online at http://localhost:3069","tag":"SERVER"}
{"level":"info","message":"Server online at http://localhost:3069","tag":"SERVER"}
{"level":"info","message":"Server online at http://localhost:3069","tag":"SERVER"}
{"level":"info","message":"Server online at http://localhost:3069","tag":"SERVER"}
{"level":"info","message":"Server online at http://localhost:3069","tag":"SERVER"}
{"level":"info","message":"Server online at http://localhost:3069","tag":"SERVER"}
{"level":"info","message":"Server online at http://localhost:3069","tag":"SERVER"}
{"level":"info","message":"Server online at http://localhost:3069","tag":"SERVER"}
{"level":"info","message":"Server online at http://localhost:3069","tag":"SERVER"}
{"level":"info","message":"Server online at http://localhost:3069","tag":"SERVER"}
{"level":"info","message":"Server online at http://localhost:3069","tag":"SERVER"}
{"level":"info","message":"Server online at http://localhost:3069","tag":"SERVER"}
{"level":"info","message":"Server online at http://localhost:3069","tag":"SERVER"}
{"level":"info","message":"Server online at http://localhost:3069","tag":"SERVER"}
{"level":"info","message":"Server online at http://localhost:3069","tag":"SERVER"}
{"level":"info","message":"GET /send-email 404 149 1.748ms","tag":" API "}
{"level":"info","message":"Server online at http://localhost:3069","tag":"SERVER"}
{"level":"info","message":"Server online at http://localhost:3069","tag":"SERVER"}
{"level":"info","message":"Server online at http://localhost:3069","tag":"SERVER"}
{"level":"info","message":"Server online at http://localhost:3069","tag":"SERVER"}
{"level":"info","message":"Server online at http://localhost:3069","tag":"SERVER"}
{"level":"info","message":"Server online at http://localhost:3069","tag":"SERVER"}
{"level":"info","message":"GET /demo/send-email 200 119 1.596ms","tag":" API "}
{"level":"info","message":"Server online at http://localhost:3069","tag":"SERVER"}
{"level":"info","message":"Server online at http://localhost:3069","tag":"SERVER"}
{"level":"info","message":"Server online at http://localhost:3069","tag":"SERVER"}
{"level":"info","message":"Server online at http://localhost:3069","tag":"SERVER"}
{"level":"info","message":"Server online at http://localhost:3069","tag":"SERVER"}
{"level":"info","message":"GET /demo/send-email 200 119 2857.760ms","tag":" API "}
{"level":"info","message":"Server online at http://localhost:3069","tag":"SERVER"}
{"level":"info","message":"Server online at http://localhost:3069","tag":"SERVER"}
{"level":"info","message":"Server online at http://localhost:3069","tag":"SERVER"}
{"level":"info","message":"Server online at http://localhost:3069","tag":"SERVER"}
{"level":"info","message":"Server online at http://localhost:3069","tag":"SERVER"}
{"level":"info","message":"Server online at http://localhost:3069","tag":"SERVER"}
{"level":"info","message":"Server online at http://localhost:3069","tag":"SERVER"}
{"level":"info","message":"Server online at http://localhost:3069","tag":"SERVER"}
{"level":"info","message":"Server online at http://localhost:3069","tag":"SERVER"}
{"level":"info","message":"GET /demo/send-email 200 119 2828.089ms","tag":" API "}
{"level":"info","message":"Server online at http://localhost:3069","tag":"SERVER"}
{"level":"info","message":"Server online at http://localhost:3069","tag":"SERVER"}
{"level":"info","message":"Server online at http://localhost:3069","tag":"SERVER"}
{"level":"info","message":"GET /article/?page=1&pageSize=5 500 1837 6.019ms","tag":" API "}
{"level":"info","message":"Server online at http://localhost:3069","tag":"SERVER"}
{"level":"info","message":"GET /article/?page=1&pageSize=5 401 1750 7.141ms","tag":" API "}
{"level":"info","message":"Server online at http://localhost:3069","tag":"SERVER"}
{"level":"info","message":"GET /article/?page=1&pageSize=5 401 1722 4.878ms","tag":" API "}
{"level":"info","message":"Server online at http://localhost:3069","tag":"SERVER"}
{"level":"info","message":"Server online at http://localhost:3069","tag":"SERVER"}
{"level":"info","message":"Server online at http://localhost:3069","tag":"SERVER"}
{"level":"info","message":"POST /auth/login 200 435 102.839ms","tag":" API "}
{"level":"info","message":"POST /auth/login 200 435 97.434ms","tag":" API "}
{"level":"info","message":"POST /auth/login 200 435 88.191ms","tag":" API "}
{"level":"info","message":"GET /article/?page=1&pageSize=5 403 1717 26.758ms","tag":" API "}
{"level":"info","message":"POST /auth/login 200 435 82.605ms","tag":" API "}
{"level":"info","message":"GET /article/?page=1&pageSize=5 200 1489 21.814ms","tag":" API "}
{"level":"info","message":"Server online at http://localhost:3069","tag":"SERVER"}
{"level":"info","message":"Server online at http://localhost:3069","tag":"SERVER"}
{"level":"info","message":"GET /auth/get-info 404 152 1.566ms","tag":" API "}
{"level":"info","message":"GET /article 403 1717 4.370ms","tag":" API "}
{"level":"info","message":"POST /auth/refresh-token 200 438 1.237ms","tag":" API "}
{"level":"info","message":"GET /article 200 975 58.517ms","tag":" API "}
{"level":"info","message":"GET /user?pageSize=100 404 143 0.283ms","tag":" API "}
{"level":"error","message":"15 đăng nhập quá 3 lần, lưu dấu vết hoặc cho vào blacklist","tag":"SYSTEM"}
{"level":"info","message":"POST /auth/login 400 471 120.587ms","tag":" API "}
{"level":"info","message":"POST /auth/login 200 435 58.847ms","tag":" API "}
{"level":"info","message":"GET /auth/get-info 404 152 1.740ms","tag":" API "}
{"level":"info","message":"GET /article 200 975 12.698ms","tag":" API "}
{"level":"info","message":"GET /user?pageSize=100 404 143 0.196ms","tag":" API "}
{"level":"info","message":"GET /auth/get-info 404 152 0.636ms","tag":" API "}
{"level":"info","message":"GET /article 403 1717 5.098ms","tag":" API "}
{"level":"info","message":"POST /auth/refresh-token 200 438 3.379ms","tag":" API "}
{"level":"info","message":"GET /article 200 975 19.258ms","tag":" API "}
{"level":"info","message":"GET /user?pageSize=100 404 143 0.168ms","tag":" API "}
{"level":"info","message":"POST /auth/login 200 435 67.468ms","tag":" API "}
{"level":"info","message":"GET /auth/get-info 404 152 0.740ms","tag":" API "}
{"level":"info","message":"GET /article 200 975 34.999ms","tag":" API "}
{"level":"info","message":"GET /user?pageSize=100 404 143 0.542ms","tag":" API "}
{"level":"info","message":"GET /auth/get-info 404 152 0.887ms","tag":" API "}
{"level":"info","message":"GET /article 403 1717 1.614ms","tag":" API "}
{"level":"info","message":"POST /auth/refresh-token 200 438 0.975ms","tag":" API "}
{"level":"info","message":"GET /article 200 975 14.102ms","tag":" API "}
{"level":"info","message":"GET /user?pageSize=100 404 143 1.266ms","tag":" API "}
{"level":"info","message":"GET /auth/get-info 404 152 0.489ms","tag":" API "}
{"level":"info","message":"GET /article 403 1717 1.590ms","tag":" API "}
{"level":"info","message":"POST /auth/refresh-token 200 438 13.751ms","tag":" API "}
{"level":"info","message":"GET /article 200 975 21.174ms","tag":" API "}
{"level":"info","message":"GET /user?pageSize=100 404 143 0.613ms","tag":" API "}
{"level":"info","message":"GET /auth/get-info 404 152 0.271ms","tag":" API "}
{"level":"info","message":"GET /article 200 975 10.621ms","tag":" API "}
{"level":"info","message":"GET /user?pageSize=100 404 143 0.352ms","tag":" API "}
{"level":"info","message":"GET /auth/get-info 404 152 0.484ms","tag":" API "}
{"level":"info","message":"GET /article 403 1717 3.709ms","tag":" API "}
{"level":"info","message":"POST /auth/refresh-token 200 438 0.763ms","tag":" API "}
{"level":"info","message":"GET /article 200 975 14.436ms","tag":" API "}
{"level":"info","message":"GET /user?pageSize=100 404 143 0.224ms","tag":" API "}
{"level":"info","message":"POST /auth/refresh-token 200 438 2.895ms","tag":" API "}
{"level":"info","message":"GET /article/?page=1&pageSize=5 403 1717 1.444ms","tag":" API "}
{"level":"info","message":"GET /article/?page=1&pageSize=5 403 1717 1.958ms","tag":" API "}
{"level":"info","message":"POST /auth/refresh-token 200 438 3.727ms","tag":" API "}
{"level":"info","message":"GET /article/?page=1&pageSize=5 200 1489 56.829ms","tag":" API "}
{"level":"info","message":"GET /article/?page=1&pageSize=5 403 1717 3.591ms","tag":" API "}
{"level":"info","message":"POST /auth/refresh-token 200 438 2.174ms","tag":" API "}
{"level":"info","message":"GET /article/?page=1&pageSize=5 200 1489 24.106ms","tag":" API "}
